<?xml version="1.0" encoding="UTF-8"?>
<testsuite xmlns:xsi="http://www.w3.org/2001/XMLSchema-instance" xsi:noNamespaceSchemaLocation="https://maven.apache.org/surefire/maven-surefire-plugin/xsd/surefire-test-report-3.0.xsd" version="3.0" name="com.k8sgame.service.ValidationServiceTest" time="0.287" tests="6" errors="0" skipped="0" failures="0">
  <properties>
[...]
</properties>
  <testcase name="checkPodExists_returnsTrueWhenPodFound" classname="com.k8sgame.service.ValidationServiceTest" time="0.216"/>
  <testcase name="checkPodExists_returnsFalseWhenPodMissing" classname="com.k8sgame.service.ValidationServiceTest" time="0.001"/>
  <testcase name="validate_returnsFailureWhenCriterionUnmet" classname="com.k8sgame.service.ValidationServiceTest" time="0.001"/>
  <testcase name="checkPodRunning_returnsTrueWhenRunning" classname="com.k8sgame.service.ValidationServiceTest" time="0.001"/>
  <testcase name="validate_returnsSuccessWhenAllCriteriaMet" classname="com.k8sgame.service.ValidationServiceTest" time="0.002"/>
  <testcase name="checkDeploymentReady_returnsTrueWhenReplicasReady" classname="com.k8sgame.service.ValidationServiceTest" time="0.064"/>
</testsuite>